40
CastOSProv6
BakhodirD 
MarsXv1
HiroshiF FionaJ MichalB MatasH 
ShortsNextv7
FionaF PhilippY PrabhakarR 
ClassroomMaxv2
TatiyanaC SusanQ 
StreamXv6
BakhodirW JenK SergeyN ClementM ClementT 
DaydreamLitev7
SundarH 
ConnectLitev9
SundarA 
WebserverProv6
PhilippP 
DocsNextv2
SundarP MatasC ClementL 
StreamXv9
LarryO 
SlidesNextv2
JenZ PhilippH 
ShoppingProv8
FionaN PhilippI 
BuildMaxv1
MichalB RuthX NellyY BakhodirG SergeyV 
ReleaseUltrav1
FionaJ BakhodirD 
GameProv3
PhilippY 
StreetViewXv1
TatiyanaC JenK FionaF 
ResearchXv8
SundarP ClementM BakhodirW MatasC ClementE 
SitesSv1
SergeyU ClementL 
FuchsiaXv6
SundarL SundarA 
GameProv6
LarryO SusanQ StefanQ 
GameLitev8
PhilippP PhilippK MatasW SergeyN 
MapsProv8
HiroshiW SergeyT BakhodirD 
CollectionsNextv1
TatiyanaC SergeyN MatasW MatasH 
DuoZv2
PhilippY SundarP FionaF 
AndroidAutoZv2
PhilippH JenK PhilippI LarryX SergeyU 
SmartLitev9
JenZ ThomasK PhilippP 
MarsLitev5
BakhodirD TatiyanaC 
StreetViewProv9
SundarA MatasC ClementE MatasW HiroshiB PhilippK NellyY LarryO 
ChromeOSLitev3
PhilippP HiroshiW PhilippY 
FeedBurnerMaxv3
TatiyanaC LarryO 
ExploreUltrav8
BakhodirD ClementM SergeyV HiroshiF FionaJ SusanQ ClementE 
AndroidTVMaxv5
PrabhakarR SundarP PhilippK 
GmailLitev9
PhilippP BakhodirG ThomasK StefanQ PetarF MatasW LarryX HiroshiF SergeyU SergeyN 
ChromeNextv7
SergeyV BakhodirD PhilippY 
SmartSv2
FionaF BakhodirW PhilippK BenjaminT FionaN 
WearOSLitev5
NellyY BakhodirD TatiyanaC JenK PhilippI 
DuoZv4
ThomasK SundarP LarryX FionaJ PhilippK RuthX ThomasM 
MapsSv7
SundarA PhilippK FionaF LarryO ClementM ThomasK MatasW LarryX ClementE BakhodirD 
MarsUltrav8
PhilippI SergeyU SusanQ PhilippP StefanQ BenjaminT RuthX BakhodirG MatasW 
GlassOSLitev9
FionaJ PetarF SundarA PhilippK HiroshiF PhilippH 
